--- Run 2025-09-24 17:23:30.409185 ---
Path: [(0, 0), (1, 0), (2, 0), (3, 0), (4, 0), (4, 1), (4, 2), (4, 3), (4, 4)]
Stats: {'nodes_expanded': 20, 'path_cost': 8}

--- Run 2025-09-24 17:24:04.637500 ---
Path: []
Stats: {'nodes_expanded': 20, 'path_cost': -1}

--- Run 2025-09-24 17:24:16.654702 ---
Path: []
Stats: {'nodes_expanded': 20, 'path_cost': -1}

--- Run 2025-09-24 17:24:41.289809 ---
Path: []
Stats: {'nodes_expanded': 20, 'path_cost': -1}

--- Run 2025-09-24 17:25:36.228695 ---
Path: []
Stats: {'nodes_expanded': 20, 'path_cost': -1}

--- Run 2025-09-24 17:25:57.399031 ---
Path: []
Stats: {'nodes_expanded': 20, 'path_cost': -1}

--- Run 2025-09-24 17:26:29.466959 ---
Path: [(0, 0), (1, 0), (2, 0), (3, 0), (4, 0), (4, 1), (4, 2), (4, 3), (4, 4)]
Stats: {'nodes_expanded': 20, 'path_cost': 8}

--- Run 2025-09-24 17:29:38.385763 ---
Path: []
Stats: {'nodes_expanded': 20, 'path_cost': inf}

--- Run 2025-09-24 17:29:58.565925 ---
Path: [(0, 0), (0, 1), (0, 2), (0, 3), (0, 4), (1, 4), (2, 4), (3, 4), (4, 4)]
Stats: {'nodes_expanded': 20, 'path_cost': 8}

--- Run 2025-09-24 17:31:39.175611 ---
Path: [(0, 0), (0, 1), (0, 2), (0, 3), (0, 4), (1, 4), (2, 4), (3, 4), (4, 4)]
Stats: {'nodes_expanded': 20, 'path_cost': 8}

--- Run 2025-09-24 17:35:20.176351 ---
Path: [(0, 0), (1, 0), (2, 0), (3, 0), (4, 0), (4, 1), (4, 2), (4, 3), (4, 4)]
Stats: {'nodes_expanded': 20, 'path_cost': 8}

--- Run 2025-09-24 17:35:50.680964 ---
Path: []
Stats: {'nodes_expanded': 70, 'path_cost': -1}

--- Run 2025-09-24 17:36:11.067102 ---
Path: [(0, 0), (1, 0), (2, 0), (3, 0), (4, 0), (4, 1), (4, 2), (4, 3), (4, 4)]
Stats: {'nodes_expanded': 31, 'path_cost': 8}

--- Run 2025-09-24 17:36:45.907111 ---
Path: []
Stats: {'nodes_expanded': 70, 'path_cost': -1}

--- Run 2025-09-24 17:37:34.874055 ---
Path: []
Stats: {'nodes_expanded': 149, 'path_cost': -1}

--- Run 2025-09-24 17:38:29.529393 ---
Path: [(0, 0), (1, 0), (2, 0), (3, 0), (4, 0), (5, 0), (6, 0), (7, 0), (8, 0), (9, 0), (10, 0), (11, 0), (12, 0), (12, 1), (12, 2), (12, 3), (12, 4), (12, 5), (12, 6), (12, 7), (12, 8), (11, 8), (10, 8), (10, 9), (10, 10)]
Stats: {'nodes_expanded': 139, 'path_cost': 24}

--- Run 2025-09-24 17:38:51.669456 ---
Path: [(0, 0), (0, 1), (0, 2), (1, 2), (2, 2), (3, 2), (3, 3)]
Stats: {'nodes_expanded': 17, 'path_cost': 6}

--- Run 2025-09-24 17:39:05.921631 ---
Path: [(0, 0), (1, 0), (2, 0), (3, 0), (4, 0), (5, 0), (5, 1), (5, 2), (5, 3), (6, 3), (7, 3), (7, 4), (7, 5), (7, 6), (8, 6), (8, 7), (8, 8)]
Stats: {'nodes_expanded': 66, 'path_cost': 16}

--- Run 2025-09-24 17:39:13.603323 ---
Path: []
Stats: {'nodes_expanded': 70, 'path_cost': -1}

--- Run 2025-09-24 17:42:20.044698 ---
Path: [(0, 0), (1, 0), (2, 0), (3, 0), (4, 0), (4, 1), (4, 2), (4, 3), (4, 4)]
Stats: {'nodes_expanded': 20, 'path_cost': 8}

--- Run 2025-09-24 17:43:40.744733 ---
Path: [(0, 0), (1, 0), (2, 0), (3, 0), (4, 0), (5, 0), (5, 1), (5, 2), (5, 3), (6, 3), (7, 3), (7, 4), (7, 5), (7, 6), (8, 6), (8, 7), (8, 8)]
Stats: {'nodes_expanded': 66, 'path_cost': 16}

--- Run 2025-09-24 17:44:46.672596 ---
Path: [(0, 0), (1, 0), (2, 0), (3, 0), (4, 0), (5, 0), (6, 0), (7, 0), (8, 0), (9, 0), (10, 0), (11, 0), (12, 0), (12, 1), (12, 2), (12, 3), (12, 4), (12, 5), (12, 6), (12, 7), (12, 8), (11, 8), (10, 8), (10, 9), (10, 10)]
Stats: {'nodes_expanded': 139, 'path_cost': 24}

--- Run 2025-09-24 17:46:43.762635 ---
Path: [(0, 0), (0, 1), (0, 2), (0, 3), (0, 4), (1, 4), (2, 4), (3, 4), (4, 4)]
Stats: {'nodes_expanded': 20, 'path_cost': 8}

--- Run 2025-09-24 17:47:50.055944 ---
Path: [(0, 0), (1, 0), (2, 0), (3, 0), (4, 0), (5, 0), (5, 1), (5, 2), (5, 3), (6, 3), (7, 3), (7, 4), (7, 5), (7, 6), (8, 6), (8, 7), (8, 8)]
Stats: {'nodes_expanded': 66, 'path_cost': 16}

--- Run 2025-09-24 17:48:44.878065 ---
Path: [(0, 0), (0, 1), (0, 2), (0, 3), (0, 4), (0, 5), (0, 6), (1, 6), (2, 6), (3, 6), (4, 6), (5, 6), (6, 6), (7, 6), (8, 6), (9, 6), (10, 6), (11, 6), (12, 6), (12, 7), (12, 8), (11, 8), (10, 8), (10, 9), (10, 10)]
Stats: {'nodes_expanded': 138, 'path_cost': 24}

--- Run 2025-09-24 17:55:37.125856 ---
Path: [(0, 0), (0, 1), (0, 2), (0, 3), (0, 4), (1, 4), (2, 4), (3, 4), (4, 4)]
Stats: {'nodes_expanded': 20, 'path_cost': 8}

--- Run 2025-09-24 17:56:05.125481 ---
Path: [(0, 0), (0, 1), (0, 2), (0, 3), (0, 4), (0, 5), (0, 6), (1, 6), (2, 6), (3, 6), (4, 6), (5, 6), (6, 6), (7, 6), (8, 6), (9, 6), (10, 6), (11, 6), (12, 6), (12, 7), (12, 8), (11, 8), (10, 8), (10, 9), (10, 10)]
Stats: {'nodes_expanded': 107, 'path_cost': 24}

--- Run 2025-09-24 17:56:29.378817 ---
Path: [(0, 0), (1, 0), (2, 0), (3, 0), (4, 0), (5, 0), (5, 1), (5, 2), (5, 3), (6, 3), (7, 3), (7, 4), (7, 5), (7, 6), (8, 6), (8, 7), (8, 8)]
Stats: {'nodes_expanded': 45, 'path_cost': 16}

--- Run 2025-09-24 18:06:01.211097 ---
Path: []
Stats: {'nodes_expanded': 45, 'path_cost': -1}

--- Run 2025-09-24 18:06:24.193445 ---
Path: [(0, 0), (1, 0), (2, 0), (3, 0), (4, 0), (5, 0), (5, 1), (5, 2), (5, 3), (5, 4), (5, 5)]
Stats: {'nodes_expanded': 42, 'path_cost': 10}

--- Run 2025-09-24 18:09:00.522983 ---
Path: [(7, 7), (7, 6), (8, 6), (9, 6), (10, 6), (10, 5), (10, 4), (10, 3), (10, 2), (10, 1), (10, 0), (11, 0), (12, 0), (13, 0), (14, 0)]
Stats: {'nodes_expanded': 27, 'path_cost': 14}

--- Run 2025-09-24 18:28:15.071211 ---
Path: [(0, 0), (0, 1), (1, 2), (2, 3), (3, 4), (4, 4)]
Stats: {'nodes_expanded': 6, 'path_cost': 5}

--- Run 2025-09-24 18:30:02.094976 ---
Path: [(0, 0), (0, 1), (1, 2), (2, 2), (3, 3), (4, 4)]
Stats: {'nodes_expanded': 20, 'path_cost': 5}

--- Run 2025-09-24 18:30:44.839395 ---
Path: []
Stats: {'nodes_expanded': 72, 'path_cost': inf}

--- Run 2025-09-24 18:31:29.396659 ---
Path: [(0, 0), (0, 1), (1, 2), (2, 2), (3, 3), (3, 4), (2, 5), (3, 6), (4, 7), (5, 8), (6, 8), (7, 9), (8, 8)]
Stats: {'nodes_expanded': 16, 'path_cost': 12}

--- Run 2025-09-24 18:32:17.182395 ---
Path: [(0, 0), (0, 1), (1, 2), (2, 3), (3, 4), (4, 4), (5, 4), (6, 5), (7, 6), (8, 7), (9, 6), (10, 6), (11, 6), (12, 7), (11, 8), (10, 9), (10, 10)]
Stats: {'nodes_expanded': 61, 'path_cost': 16}

